2023-01-20 11:37:32,101:WARNING:
'cuml' is a soft dependency and not included in the pycaret installation. Please run: `pip install cuml` to install.
2023-01-20 11:37:32,101:WARNING:
'cuml' is a soft dependency and not included in the pycaret installation. Please run: `pip install cuml` to install.
2023-01-20 11:37:32,101:WARNING:
'cuml' is a soft dependency and not included in the pycaret installation. Please run: `pip install cuml` to install.
2023-01-20 11:37:32,101:WARNING:
'cuml' is a soft dependency and not included in the pycaret installation. Please run: `pip install cuml` to install.
2023-01-20 11:37:32,120:WARNING:
'prophet' is a soft dependency and not included in the pycaret installation. Please run: `pip install prophet` to install.
2023-03-03 15:35:48,511:WARNING:
'cuml' is a soft dependency and not included in the pycaret installation. Please run: `pip install cuml` to install.
2023-03-03 15:35:48,512:WARNING:
'cuml' is a soft dependency and not included in the pycaret installation. Please run: `pip install cuml` to install.
2023-03-03 15:35:48,512:WARNING:
'cuml' is a soft dependency and not included in the pycaret installation. Please run: `pip install cuml` to install.
2023-03-03 15:35:48,512:WARNING:
'cuml' is a soft dependency and not included in the pycaret installation. Please run: `pip install cuml` to install.
2023-03-03 15:35:48,530:WARNING:
'prophet' is a soft dependency and not included in the pycaret installation. Please run: `pip install prophet` to install.
2023-03-03 15:37:23,264:INFO:PyCaret ClusteringExperiment
2023-03-03 15:37:23,264:INFO:Logging name: cluster-default-name
2023-03-03 15:37:23,264:INFO:ML Usecase: MLUsecase.CLUSTERING
2023-03-03 15:37:23,264:INFO:version 3.0.0.rc6
2023-03-03 15:37:23,264:INFO:Initializing setup()
2023-03-03 15:37:23,264:INFO:self.USI: efcc
2023-03-03 15:37:23,264:INFO:self._variable_keys: {'memory', 'exp_name_log', 'pipeline', '_available_plots', 'seed', '_ml_usecase', 'n_jobs_param', 'log_plots_param', 'gpu_n_jobs_param', 'gpu_param', 'exp_id', 'idx', 'html_param', 'X', 'USI', 'logging_param', 'data'}
2023-03-03 15:37:23,264:INFO:Checking environment
2023-03-03 15:37:23,265:INFO:python_version: 3.10.9
2023-03-03 15:37:23,265:INFO:python_build: ('main', 'Jan 11 2023 15:15:40')
2023-03-03 15:37:23,265:INFO:machine: AMD64
2023-03-03 15:37:23,265:INFO:platform: Windows-10-10.0.19041-SP0
2023-03-03 15:37:23,269:INFO:Memory: svmem(total=16893386752, available=2387877888, percent=85.9, used=14505508864, free=2387877888)
2023-03-03 15:37:23,269:INFO:Physical Core: 4
2023-03-03 15:37:23,269:INFO:Logical Core: 8
2023-03-03 15:37:23,269:INFO:Checking libraries
2023-03-03 15:37:23,269:INFO:System:
2023-03-03 15:37:23,269:INFO:    python: 3.10.9 | packaged by conda-forge | (main, Jan 11 2023, 15:15:40) [MSC v.1916 64 bit (AMD64)]
2023-03-03 15:37:23,269:INFO:executable: c:\Users\kevinp\.conda\envs\Anal_General\python.exe
2023-03-03 15:37:23,269:INFO:   machine: Windows-10-10.0.19041-SP0
2023-03-03 15:37:23,269:INFO:PyCaret required dependencies:
2023-03-03 15:37:23,269:INFO:                 pip: 22.3.1
2023-03-03 15:37:23,269:INFO:          setuptools: 65.6.3
2023-03-03 15:37:23,269:INFO:             pycaret: 3.0.0rc6
2023-03-03 15:37:23,269:INFO:             IPython: 8.6.0
2023-03-03 15:37:23,269:INFO:          ipywidgets: 7.7.2
2023-03-03 15:37:23,270:INFO:                tqdm: 4.64.1
2023-03-03 15:37:23,270:INFO:               numpy: 1.22.4
2023-03-03 15:37:23,270:INFO:              pandas: 1.5.2
2023-03-03 15:37:23,270:INFO:              jinja2: 3.0.3
2023-03-03 15:37:23,270:INFO:               scipy: 1.9.3
2023-03-03 15:37:23,270:INFO:              joblib: 1.2.0
2023-03-03 15:37:23,270:INFO:             sklearn: 1.1.3
2023-03-03 15:37:23,270:INFO:                pyod: 1.0.7
2023-03-03 15:37:23,270:INFO:            imblearn: 0.10.1
2023-03-03 15:37:23,270:INFO:   category_encoders: 2.5.1.post0
2023-03-03 15:37:23,270:INFO:            lightgbm: 3.3.3
2023-03-03 15:37:23,271:INFO:               numba: 0.56.4
2023-03-03 15:37:23,271:INFO:            requests: 2.28.1
2023-03-03 15:37:23,271:INFO:          matplotlib: 3.6.2
2023-03-03 15:37:23,271:INFO:          scikitplot: 0.3.7
2023-03-03 15:37:23,271:INFO:         yellowbrick: 1.5
2023-03-03 15:37:23,271:INFO:              plotly: 5.11.0
2023-03-03 15:37:23,271:INFO:             kaleido: 0.2.1
2023-03-03 15:37:23,271:INFO:         statsmodels: 0.13.5
2023-03-03 15:37:23,271:INFO:              sktime: 0.14.1
2023-03-03 15:37:23,271:INFO:               tbats: 1.1.2
2023-03-03 15:37:23,271:INFO:            pmdarima: 2.0.2
2023-03-03 15:37:23,271:INFO:              psutil: 5.9.4
2023-03-03 15:37:23,271:INFO:PyCaret optional dependencies:
2023-03-03 15:37:24,974:INFO:                shap: Not installed
2023-03-03 15:37:24,974:INFO:           interpret: Not installed
2023-03-03 15:37:24,974:INFO:                umap: Not installed
2023-03-03 15:37:24,974:INFO:    pandas_profiling: Not installed
2023-03-03 15:37:24,974:INFO:  explainerdashboard: Not installed
2023-03-03 15:37:24,974:INFO:             autoviz: Not installed
2023-03-03 15:37:24,974:INFO:           fairlearn: Not installed
2023-03-03 15:37:24,974:INFO:             xgboost: Not installed
2023-03-03 15:37:24,974:INFO:            catboost: Not installed
2023-03-03 15:37:24,974:INFO:              kmodes: Not installed
2023-03-03 15:37:24,974:INFO:             mlxtend: Not installed
2023-03-03 15:37:24,974:INFO:       statsforecast: Not installed
2023-03-03 15:37:24,975:INFO:        tune_sklearn: Not installed
2023-03-03 15:37:24,975:INFO:                 ray: Not installed
2023-03-03 15:37:24,975:INFO:            hyperopt: Not installed
2023-03-03 15:37:24,975:INFO:              optuna: Not installed
2023-03-03 15:37:24,975:INFO:               skopt: Not installed
2023-03-03 15:37:24,975:INFO:              mlflow: Not installed
2023-03-03 15:37:24,975:INFO:              gradio: 3.18.0
2023-03-03 15:37:24,975:INFO:             fastapi: 0.92.0
2023-03-03 15:37:24,975:INFO:             uvicorn: 0.20.0
2023-03-03 15:37:24,975:INFO:              m2cgen: Not installed
2023-03-03 15:37:24,975:INFO:           evidently: Not installed
2023-03-03 15:37:24,975:INFO:                nltk: 3.8.1
2023-03-03 15:37:24,975:INFO:            pyLDAvis: Not installed
2023-03-03 15:37:24,975:INFO:              gensim: Not installed
2023-03-03 15:37:24,975:INFO:               spacy: Not installed
2023-03-03 15:37:24,975:INFO:           wordcloud: 1.8.2.2
2023-03-03 15:37:24,975:INFO:            textblob: Not installed
2023-03-03 15:37:24,975:INFO:               fugue: Not installed
2023-03-03 15:37:24,975:INFO:           streamlit: Not installed
2023-03-03 15:37:24,975:INFO:             prophet: Not installed
2023-03-03 15:37:24,976:INFO:None
2023-03-03 15:37:24,976:INFO:Set up data.
2023-03-03 15:37:24,983:INFO:Set up index.
2023-03-03 15:37:24,983:INFO:Assigning column types.
2023-03-03 15:37:24,989:INFO:Preparing preprocessing pipeline...
2023-03-03 15:37:24,989:INFO:Set up simple imputation.
2023-03-03 15:37:24,989:INFO:Set up feature normalization.
2023-03-03 15:37:25,043:INFO:Finished creating preprocessing pipeline.
2023-03-03 15:37:25,047:INFO:Pipeline: Pipeline(memory=Memory(location=C:\Users\kevinp\AppData\Local\Temp\joblib),
         steps=[('numerical_imputer',
                 TransformerWrapper(include=['Cantidad_Total_Productos',
                                             'Compra_Total', 'Cantidad_Compras',
                                             'Total_Subcategorias_Compradas',
                                             'Q_Productos_Compra',
                                             'Ticket_Compra'],
                                    transformer=SimpleImputer())),
                ('categorical_imputer',
                 TransformerWrapper(include=[],
                                    transformer=SimpleImputer(strategy='most_frequent'))),
                ('normalize',
                 TransformerWrapper(transformer=StandardScaler()))])
2023-03-03 15:37:25,047:INFO:Creating final display dataframe.
2023-03-03 15:37:25,100:INFO:Setup _display_container:                Description                 Value
0               Session id                   150
1      Original data shape            (26938, 6)
2   Transformed data shape            (26938, 6)
3          Ignore features                     3
4         Numeric features                     6
5               Preprocess                  True
6          Imputation type                simple
7       Numeric imputation                  mean
8   Categorical imputation                  mode
9                Normalize                  True
10        Normalize method                zscore
11                CPU Jobs                    -1
12                 Use GPU                 False
13          Log Experiment                 False
14         Experiment Name  cluster-default-name
15                     USI                  efcc
2023-03-03 15:37:25,110:WARNING:
'kmodes' is a soft dependency and not included in the pycaret installation. Please run: `pip install kmodes` to install.
Alternately, you can install this by running `pip install pycaret[models]`
2023-03-03 15:37:25,110:WARNING:
'kmodes' is a soft dependency and not included in the pycaret installation. Please run: `pip install kmodes` to install.
Alternately, you can install this by running `pip install pycaret[models]`
2023-03-03 15:37:25,112:INFO:setup() successfully completed in 1.85s...............
2023-03-03 15:37:28,586:INFO:gpu_param set to False
2023-03-03 15:37:28,588:WARNING:
'kmodes' is a soft dependency and not included in the pycaret installation. Please run: `pip install kmodes` to install.
Alternately, you can install this by running `pip install pycaret[models]`
2023-03-03 15:37:28,589:WARNING:
'kmodes' is a soft dependency and not included in the pycaret installation. Please run: `pip install kmodes` to install.
Alternately, you can install this by running `pip install pycaret[models]`
2023-03-03 15:37:31,074:INFO:Initializing create_model()
2023-03-03 15:37:31,074:INFO:create_model(self=<pycaret.clustering.oop.ClusteringExperiment object at 0x0000019C37E23820>, estimator=kmeans, num_clusters=4, fraction=0.05, ground_truth=None, round=4, fit_kwargs=None, experiment_custom_tags=None, verbose=True, system=True, add_to_model_list=True, raise_num_clusters=False, display=None, kwargs={})
2023-03-03 15:37:31,074:INFO:Checking exceptions
2023-03-03 15:37:31,141:INFO:Importing untrained model
2023-03-03 15:37:31,145:INFO:K-Means Clustering Imported successfully
2023-03-03 15:37:31,149:INFO:Fitting Model
2023-03-03 15:37:42,409:INFO:KMeans(n_clusters=4, random_state=150)
2023-03-03 15:37:42,409:INFO:create_models() successfully completed......................................
2023-03-03 15:37:42,413:INFO:Uploading results into container
2023-03-03 15:37:42,416:INFO:Uploading model into container now
2023-03-03 15:37:42,422:INFO:_master_model_container: 1
2023-03-03 15:37:42,423:INFO:_display_container: 2
2023-03-03 15:37:42,423:INFO:KMeans(n_clusters=4, random_state=150)
2023-03-03 15:37:42,423:INFO:create_model() successfully completed......................................
2023-03-03 15:37:47,654:INFO:Initializing evaluate_model()
2023-03-03 15:37:47,654:INFO:evaluate_model(self=<pycaret.clustering.oop.ClusteringExperiment object at 0x0000019C37E23820>, estimator=KMeans(n_clusters=4, random_state=150), fold=None, fit_kwargs=None, plot_kwargs=None, feature_name=None, groups=None, use_train_data=False)
2023-03-03 15:37:47,678:INFO:Initializing plot_model()
2023-03-03 15:37:47,678:INFO:plot_model(plot=pipeline, fold=None, use_train_data=False, verbose=False, display=None, display_format=None, estimator=KMeans(n_clusters=4, random_state=150), feature_name=None, fit_kwargs={}, groups=None, label=False, plot_kwargs=None, save=False, scale=1, self=<pycaret.clustering.oop.ClusteringExperiment object at 0x0000019C37E23820>, system=True)
2023-03-03 15:37:47,678:INFO:Checking exceptions
2023-03-03 15:37:47,679:INFO:Preloading libraries
2023-03-03 15:37:47,679:INFO:Copying training dataset
2023-03-03 15:37:47,679:INFO:Plot type: pipeline
2023-03-03 15:37:47,925:INFO:Visual Rendered Successfully
2023-03-03 15:37:48,085:INFO:plot_model() successfully completed......................................
2023-03-03 15:37:54,512:INFO:Initializing create_model()
2023-03-03 15:37:54,513:INFO:create_model(self=<pycaret.clustering.oop.ClusteringExperiment object at 0x0000019C37E23820>, estimator=kmeans, num_clusters=5, fraction=0.05, ground_truth=None, round=4, fit_kwargs=None, experiment_custom_tags=None, verbose=True, system=True, add_to_model_list=True, raise_num_clusters=False, display=None, kwargs={})
2023-03-03 15:37:54,513:INFO:Checking exceptions
2023-03-03 15:37:54,560:INFO:Importing untrained model
2023-03-03 15:37:54,564:INFO:K-Means Clustering Imported successfully
2023-03-03 15:37:54,569:INFO:Fitting Model
2023-03-03 15:38:05,629:INFO:KMeans(n_clusters=5, random_state=150)
2023-03-03 15:38:05,630:INFO:create_models() successfully completed......................................
2023-03-03 15:38:05,634:INFO:Uploading results into container
2023-03-03 15:38:05,637:INFO:Uploading model into container now
2023-03-03 15:38:05,643:INFO:_master_model_container: 2
2023-03-03 15:38:05,643:INFO:_display_container: 3
2023-03-03 15:38:05,643:INFO:KMeans(n_clusters=5, random_state=150)
2023-03-03 15:38:05,643:INFO:create_model() successfully completed......................................
2023-03-03 15:38:12,314:INFO:Initializing assign_model()
2023-03-03 15:38:12,314:INFO:assign_model(self=<pycaret.clustering.oop.ClusteringExperiment object at 0x0000019C37E23820>, model=KMeans(n_clusters=5, random_state=150), transformation=False, score=True, verbose=True)
2023-03-03 15:38:12,314:INFO:Checking exceptions
2023-03-03 15:38:12,315:INFO:Determining Trained Model
2023-03-03 15:38:12,315:INFO:Trained Model : K-Means Clustering
2023-03-03 15:38:12,315:INFO:Copying data
2023-03-03 15:38:12,325:INFO:(26938, 7)
2023-03-03 15:38:12,325:INFO:assign_model() successfully completed......................................
2023-03-03 15:40:47,691:INFO:Initializing save_model()
2023-03-03 15:40:47,692:INFO:save_model(model=       Cantidad_Total_Productos  Compra_Total  Cantidad_Compras  \
0                             1   3399.989990                 1   
1                             1   3374.989990                 1   
2                             1   3399.989990                 1   
3                             1   3399.989990                 1   
4                             1   3399.989990                 1   
...                         ...           ...               ...   
26933                        15    306.850006                 3   
26934                        16    124.839996                 3   
26935                         9    269.910004                 2   
26936                         8     59.919998                 2   
26937                        12    142.679993                 2   

       Total_Subcategorias_Compradas  Q_Productos_Compra  Ticket_Compra  \
0                                  1            1.000000    3399.989990   
1                                  1            1.000000    3374.989990   
2                                  1            1.000000    3399.989990   
3                                  1            1.000000    3399.989990   
4                                  1            1.000000    3399.989990   
...                              ...                 ...            ...   
26933                              3            5.000000     102.283333   
26934                              3            5.333333      41.613335   
26935                              2            4.500000     134.955002   
26936                              2            4.000000      29.959999   
26937                              2            6.000000      71.339996   

         Cluster  
0      Cluster 4  
1      Cluster 4  
2      Cluster 4  
3      Cluster 4  
4      Cluster 4  
...          ...  
26933  Cluster 3  
26934  Cluster 3  
26935  Cluster 0  
26936  Cluster 0  
26937  Cluster 0  

[26938 rows x 7 columns], model_name=Saved_Kmeans_Model, prep_pipe_=Pipeline(memory=Memory(location=C:\Users\kevinp\AppData\Local\Temp\joblib),
         steps=[('numerical_imputer',
                 TransformerWrapper(include=['Cantidad_Total_Productos',
                                             'Compra_Total', 'Cantidad_Compras',
                                             'Total_Subcategorias_Compradas',
                                             'Q_Productos_Compra',
                                             'Ticket_Compra'],
                                    transformer=SimpleImputer())),
                ('categorical_imputer',
                 TransformerWrapper(include=[],
                                    transformer=SimpleImputer(strategy='most_frequent'))),
                ('normalize',
                 TransformerWrapper(transformer=StandardScaler()))]), verbose=True, use_case=MLUsecase.CLUSTERING, kwargs={})
2023-03-03 15:40:47,692:INFO:Adding model into prep_pipe
2023-03-04 17:31:41,040:INFO:Initializing save_model()
2023-03-04 17:31:41,041:INFO:save_model(model=       Cantidad_Total_Productos  Compra_Total  Cantidad_Compras  \
0                             1   3399.989990                 1   
1                             1   3374.989990                 1   
2                             1   3399.989990                 1   
3                             1   3399.989990                 1   
4                             1   3399.989990                 1   
...                         ...           ...               ...   
26933                        15    306.850006                 3   
26934                        16    124.839996                 3   
26935                         9    269.910004                 2   
26936                         8     59.919998                 2   
26937                        12    142.679993                 2   

       Total_Subcategorias_Compradas  Q_Productos_Compra  Ticket_Compra  \
0                                  1            1.000000    3399.989990   
1                                  1            1.000000    3374.989990   
2                                  1            1.000000    3399.989990   
3                                  1            1.000000    3399.989990   
4                                  1            1.000000    3399.989990   
...                              ...                 ...            ...   
26933                              3            5.000000     102.283333   
26934                              3            5.333333      41.613335   
26935                              2            4.500000     134.955002   
26936                              2            4.000000      29.959999   
26937                              2            6.000000      71.339996   

         Cluster  
0      Cluster 4  
1      Cluster 4  
2      Cluster 4  
3      Cluster 4  
4      Cluster 4  
...          ...  
26933  Cluster 3  
26934  Cluster 3  
26935  Cluster 0  
26936  Cluster 0  
26937  Cluster 0  

[26938 rows x 7 columns], model_name=Saved_Kmeans_Model, prep_pipe_=Pipeline(memory=Memory(location=C:\Users\kevinp\AppData\Local\Temp\joblib),
         steps=[('numerical_imputer',
                 TransformerWrapper(include=['Cantidad_Total_Productos',
                                             'Compra_Total', 'Cantidad_Compras',
                                             'Total_Subcategorias_Compradas',
                                             'Q_Productos_Compra',
                                             'Ticket_Compra'],
                                    transformer=SimpleImputer())),
                ('categorical_imputer',
                 TransformerWrapper(include=[],
                                    transformer=SimpleImputer(strategy='most_frequent'))),
                ('normalize',
                 TransformerWrapper(transformer=StandardScaler()))]), verbose=True, use_case=MLUsecase.CLUSTERING, kwargs={})
2023-03-04 17:31:41,041:INFO:Adding model into prep_pipe
2023-03-04 17:31:41,054:INFO:Saved_Kmeans_Model.pkl saved in current working directory
2023-03-04 17:31:41,108:INFO:Pipeline(memory=Memory(location=C:\Users\kevinp\AppData\Local\Temp\joblib),
         steps=[('numerical_imputer',
                 TransformerWrapper(include=['Cantidad_Total_Productos',
                                             'Compra_Total', 'Cantidad_Compras',
                                             'Total_Subcategorias_Compradas',
                                             'Q_Productos_Compra',
                                             'Ticket_Compra'],
                                    transformer=SimpleImputer())),
                ('categorical_imputer',
                 TransformerWrapper(include=[],
                                    trans...
1                                  1            1.000000    3374.989990   
2                                  1            1.000000    3399.989990   
3                                  1            1.000000    3399.989990   
4                                  1            1.000000    3399.989990   
...                              ...                 ...            ...   
26933                              3            5.000000     102.283333   
26934                              3            5.333333      41.613335   
26935                              2            4.500000     134.955002   
26936                              2            4.000000      29.959999   
26937                              2            6.000000      71.339996   

         Cluster  
0      Cluster 4  
1      Cluster 4  
2      Cluster 4  
3      Cluster 4  
4      Cluster 4  
...          ...  
26933  Cluster 3  
26934  Cluster 3  
26935  Cluster 0  
26936  Cluster 0  
26937  Cluster 0  

[26938 rows x 7 columns])])
2023-03-04 17:31:41,108:INFO:save_model() successfully completed......................................
2023-03-04 18:03:59,833:INFO:Initializing load_model()
2023-03-04 18:03:59,834:INFO:load_model(model_name=C:\Users\kevinp\OneDrive - MARCO Marketing\Marco MKT\IA\Cluster Kmeans\Datos\Saved_Kmeans_Model, platform=None, authentication=None, verbose=True)
2023-03-04 18:14:24,219:INFO:Initializing predict_model()
2023-03-04 18:14:24,220:INFO:predict_model(self=<pycaret.clustering.oop.ClusteringExperiment object at 0x0000019C37E23820>, estimator=Pipeline(memory=Memory(location=C:\Users\kevinp\AppData\Local\Temp\joblib),
         steps=[('numerical_imputer',
                 TransformerWrapper(include=['Cantidad_Total_Productos',
                                             'Compra_Total', 'Cantidad_Compras',
                                             'Total_Subcategorias_Compradas',
                                             'Q_Productos_Compra',
                                             'Ticket_Compra'],
                                    transformer=SimpleImputer())),
                ('categorical_imputer',
                 TransformerWrapper(include=[],
                                    trans...
1                                  1            1.000000    3374.989990   
2                                  1            1.000000    3399.989990   
3                                  1            1.000000    3399.989990   
4                                  1            1.000000    3399.989990   
...                              ...                 ...            ...   
26933                              3            5.000000     102.283333   
26934                              3            5.333333      41.613335   
26935                              2            4.500000     134.955002   
26936                              2            4.000000      29.959999   
26937                              2            6.000000      71.339996   

         Cluster  
0      Cluster 4  
1      Cluster 4  
2      Cluster 4  
3      Cluster 4  
4      Cluster 4  
...          ...  
26933  Cluster 3  
26934  Cluster 3  
26935  Cluster 0  
26936  Cluster 0  
26937  Cluster 0  

[26938 rows x 7 columns])]), ml_usecase=None)
2023-03-04 18:14:24,220:INFO:Set up data.
2023-03-04 18:17:54,403:INFO:Initializing load_model()
2023-03-04 18:17:54,403:INFO:load_model(model_name=C:\Users\kevinp\OneDrive - MARCO Marketing\Marco MKT\IA\Cluster Kmeans\Datos\Saved_Kmeans_Model, platform=None, authentication=None, verbose=True)
2023-03-04 20:13:40,633:INFO:Initializing save_model()
2023-03-04 20:13:40,634:INFO:save_model(model=       Cantidad_Total_Productos  Compra_Total  Cantidad_Compras  \
0                             1   3399.989990                 1   
1                             1   3374.989990                 1   
2                             1   3399.989990                 1   
3                             1   3399.989990                 1   
4                             1   3399.989990                 1   
...                         ...           ...               ...   
26933                        15    306.850006                 3   
26934                        16    124.839996                 3   
26935                         9    269.910004                 2   
26936                         8     59.919998                 2   
26937                        12    142.679993                 2   

       Total_Subcategorias_Compradas  Q_Productos_Compra  Ticket_Compra  \
0                                  1            1.000000    3399.989990   
1                                  1            1.000000    3374.989990   
2                                  1            1.000000    3399.989990   
3                                  1            1.000000    3399.989990   
4                                  1            1.000000    3399.989990   
...                              ...                 ...            ...   
26933                              3            5.000000     102.283333   
26934                              3            5.333333      41.613335   
26935                              2            4.500000     134.955002   
26936                              2            4.000000      29.959999   
26937                              2            6.000000      71.339996   

         Cluster  
0      Cluster 4  
1      Cluster 4  
2      Cluster 4  
3      Cluster 4  
4      Cluster 4  
...          ...  
26933  Cluster 3  
26934  Cluster 3  
26935  Cluster 0  
26936  Cluster 0  
26937  Cluster 0  

[26938 rows x 7 columns], model_name=Saved_Kmeans_Model, prep_pipe_=None, verbose=True, use_case=MLUsecase.CLUSTERING, kwargs={})
2023-03-04 20:13:40,634:INFO:Adding model into prep_pipe
2023-03-04 20:13:40,635:WARNING:Only Model saved. Transformations in prep_pipe are ignored.
2023-03-04 20:13:40,645:INFO:Saved_Kmeans_Model.pkl saved in current working directory
2023-03-04 20:13:40,649:INFO:       Cantidad_Total_Productos  Compra_Total  Cantidad_Compras  \
0                             1   3399.989990                 1   
1                             1   3374.989990                 1   
2                             1   3399.989990                 1   
3                             1   3399.989990                 1   
4                             1   3399.989990                 1   
...                         ...           ...               ...   
26933                        15    306.850006                 3   
26934                        16    124.839996                 3   
26935                         9    269.910004                 2   
26936                         8     59.919998                 2   
26937                        12    142.679993                 2   

       Total_Subcategorias_Compradas  Q_Productos_Compra  Ticket_Compra  \
0                                  1            1.000000    3399.989990   
1                                  1            1.000000    3374.989990   
2                                  1            1.000000    3399.989990   
3                                  1            1.000000    3399.989990   
4                                  1            1.000000    3399.989990   
...                              ...                 ...            ...   
26933                              3            5.000000     102.283333   
26934                              3            5.333333      41.613335   
26935                              2            4.500000     134.955002   
26936                              2            4.000000      29.959999   
26937                              2            6.000000      71.339996   

         Cluster  
0      Cluster 4  
1      Cluster 4  
2      Cluster 4  
3      Cluster 4  
4      Cluster 4  
...          ...  
26933  Cluster 3  
26934  Cluster 3  
26935  Cluster 0  
26936  Cluster 0  
26937  Cluster 0  

[26938 rows x 7 columns]
2023-03-04 20:13:40,649:INFO:save_model() successfully completed......................................
2023-03-04 20:13:55,685:INFO:Initializing save_model()
2023-03-04 20:13:55,685:INFO:save_model(model=       Cantidad_Total_Productos  Compra_Total  Cantidad_Compras  \
0                             1   3399.989990                 1   
1                             1   3374.989990                 1   
2                             1   3399.989990                 1   
3                             1   3399.989990                 1   
4                             1   3399.989990                 1   
...                         ...           ...               ...   
26933                        15    306.850006                 3   
26934                        16    124.839996                 3   
26935                         9    269.910004                 2   
26936                         8     59.919998                 2   
26937                        12    142.679993                 2   

       Total_Subcategorias_Compradas  Q_Productos_Compra  Ticket_Compra  \
0                                  1            1.000000    3399.989990   
1                                  1            1.000000    3374.989990   
2                                  1            1.000000    3399.989990   
3                                  1            1.000000    3399.989990   
4                                  1            1.000000    3399.989990   
...                              ...                 ...            ...   
26933                              3            5.000000     102.283333   
26934                              3            5.333333      41.613335   
26935                              2            4.500000     134.955002   
26936                              2            4.000000      29.959999   
26937                              2            6.000000      71.339996   

         Cluster  
0      Cluster 4  
1      Cluster 4  
2      Cluster 4  
3      Cluster 4  
4      Cluster 4  
...          ...  
26933  Cluster 3  
26934  Cluster 3  
26935  Cluster 0  
26936  Cluster 0  
26937  Cluster 0  

[26938 rows x 7 columns], model_name=Saved_Kmeans_Model, prep_pipe_=Pipeline(memory=Memory(location=C:\Users\kevinp\AppData\Local\Temp\joblib),
         steps=[('numerical_imputer',
                 TransformerWrapper(include=['Cantidad_Total_Productos',
                                             'Compra_Total', 'Cantidad_Compras',
                                             'Total_Subcategorias_Compradas',
                                             'Q_Productos_Compra',
                                             'Ticket_Compra'],
                                    transformer=SimpleImputer())),
                ('categorical_imputer',
                 TransformerWrapper(include=[],
                                    transformer=SimpleImputer(strategy='most_frequent'))),
                ('normalize',
                 TransformerWrapper(transformer=StandardScaler()))]), verbose=True, use_case=MLUsecase.CLUSTERING, kwargs={})
2023-03-04 20:13:55,685:INFO:Adding model into prep_pipe
2023-03-04 20:13:55,696:INFO:Saved_Kmeans_Model.pkl saved in current working directory
2023-03-04 20:13:55,734:INFO:Pipeline(memory=Memory(location=C:\Users\kevinp\AppData\Local\Temp\joblib),
         steps=[('numerical_imputer',
                 TransformerWrapper(include=['Cantidad_Total_Productos',
                                             'Compra_Total', 'Cantidad_Compras',
                                             'Total_Subcategorias_Compradas',
                                             'Q_Productos_Compra',
                                             'Ticket_Compra'],
                                    transformer=SimpleImputer())),
                ('categorical_imputer',
                 TransformerWrapper(include=[],
                                    trans...
1                                  1            1.000000    3374.989990   
2                                  1            1.000000    3399.989990   
3                                  1            1.000000    3399.989990   
4                                  1            1.000000    3399.989990   
...                              ...                 ...            ...   
26933                              3            5.000000     102.283333   
26934                              3            5.333333      41.613335   
26935                              2            4.500000     134.955002   
26936                              2            4.000000      29.959999   
26937                              2            6.000000      71.339996   

         Cluster  
0      Cluster 4  
1      Cluster 4  
2      Cluster 4  
3      Cluster 4  
4      Cluster 4  
...          ...  
26933  Cluster 3  
26934  Cluster 3  
26935  Cluster 0  
26936  Cluster 0  
26937  Cluster 0  

[26938 rows x 7 columns])])
2023-03-04 20:13:55,734:INFO:save_model() successfully completed......................................
2023-03-04 20:15:31,410:INFO:Initializing load_model()
2023-03-04 20:15:31,410:INFO:load_model(model_name=C:\Users\kevinp\OneDrive - MARCO Marketing\Marco MKT\IA\Cluster Kmeans\Datos\Saved_Kmeans_Model, platform=None, authentication=None, verbose=True)
2023-03-04 20:15:36,936:INFO:Initializing load_model()
2023-03-04 20:15:36,937:INFO:load_model(model_name=C:\Users\kevinp\OneDrive - MARCO Marketing\Marco MKT\IA\Cluster Kmeans\Datos\Saved_Kmeans_Model, platform=None, authentication=None, verbose=True)
2023-03-04 20:15:51,912:INFO:Initializing load_model()
2023-03-04 20:15:51,912:INFO:load_model(model_name=C:\Users\kevinp\OneDrive - MARCO Marketing\Marco MKT\IA\Cluster Kmeans\Datos\Saved_Kmeans_Model, platform=None, authentication=None, verbose=True)
2023-03-04 20:15:56,437:INFO:Initializing predict_model()
2023-03-04 20:15:56,437:INFO:predict_model(self=<pycaret.clustering.oop.ClusteringExperiment object at 0x0000019C37E23820>, estimator=TransformerWrapper(include=['Cantidad_Total_Productos', 'Compra_Total',
                            'Cantidad_Compras', 'Total_Subcategorias_Compradas',
                            'Q_Productos_Compra', 'Ticket_Compra'],
                   transformer=SimpleImputer()), ml_usecase=None)
2023-03-04 20:17:27,816:INFO:Initializing predict_model()
2023-03-04 20:17:27,817:INFO:predict_model(self=<pycaret.clustering.oop.ClusteringExperiment object at 0x0000019C37E23820>, estimator=TransformerWrapper(include=['Cantidad_Total_Productos', 'Compra_Total',
                            'Cantidad_Compras', 'Total_Subcategorias_Compradas',
                            'Q_Productos_Compra', 'Ticket_Compra'],
                   transformer=SimpleImputer()), ml_usecase=None)
2023-03-04 20:20:58,442:INFO:Initializing load_model()
2023-03-04 20:20:58,442:INFO:load_model(model_name=C:\Users\kevinp\OneDrive - MARCO Marketing\Marco MKT\IA\Cluster Kmeans\Datos\Saved_Kmeans_Model, platform=None, authentication=None, verbose=True)
2023-03-04 20:21:00,968:INFO:Initializing predict_model()
2023-03-04 20:21:00,969:INFO:predict_model(self=<pycaret.clustering.oop.ClusteringExperiment object at 0x0000019C37E23820>, estimator=TransformerWrapper(include=['Cantidad_Total_Productos', 'Compra_Total',
                            'Cantidad_Compras', 'Total_Subcategorias_Compradas',
                            'Q_Productos_Compra', 'Ticket_Compra'],
                   transformer=SimpleImputer()), ml_usecase=None)
2023-03-04 20:37:54,294:INFO:Initializing load_model()
2023-03-04 20:37:54,294:INFO:load_model(model_name=C:\Users\kevinp\OneDrive - MARCO Marketing\Marco MKT\IA\Cluster Kmeans\Datos\Saved_Kmeans_Model, platform=None, authentication=None, verbose=True)
2023-03-04 20:37:56,131:INFO:Initializing predict_model()
2023-03-04 20:37:56,132:INFO:predict_model(self=<pycaret.clustering.oop.ClusteringExperiment object at 0x0000019C37E23820>, estimator=TransformerWrapper(include=['Cantidad_Total_Productos', 'Compra_Total',
                            'Cantidad_Compras', 'Total_Subcategorias_Compradas',
                            'Q_Productos_Compra', 'Ticket_Compra'],
                   transformer=SimpleImputer()), ml_usecase=None)
2023-03-04 20:38:39,703:INFO:Initializing load_model()
2023-03-04 20:38:39,703:INFO:load_model(model_name=C:\Users\kevinp\OneDrive - MARCO Marketing\Marco MKT\IA\Cluster Kmeans\Datos\Saved_Kmeans_Model, platform=None, authentication=None, verbose=True)
2023-03-04 20:38:40,595:INFO:Initializing predict_model()
2023-03-04 20:38:40,595:INFO:predict_model(self=<pycaret.clustering.oop.ClusteringExperiment object at 0x0000019C37E23820>, estimator=TransformerWrapper(include=['Cantidad_Total_Productos', 'Compra_Total',
                            'Cantidad_Compras', 'Total_Subcategorias_Compradas',
                            'Q_Productos_Compra', 'Ticket_Compra'],
                   transformer=SimpleImputer()), ml_usecase=None)
2023-03-04 20:44:48,527:INFO:Initializing load_model()
2023-03-04 20:44:48,527:INFO:load_model(model_name=C:\Users\kevinp\OneDrive - MARCO Marketing\Marco MKT\IA\Cluster Kmeans\Datos\Saved_Kmeans_Model, platform=None, authentication=None, verbose=True)
2023-03-04 20:44:50,435:INFO:Initializing predict_model()
2023-03-04 20:44:50,436:INFO:predict_model(self=<pycaret.clustering.oop.ClusteringExperiment object at 0x0000019C37E23820>, estimator=TransformerWrapper(include=['Cantidad_Total_Productos', 'Compra_Total',
                            'Cantidad_Compras', 'Total_Subcategorias_Compradas',
                            'Q_Productos_Compra', 'Ticket_Compra'],
                   transformer=SimpleImputer()), ml_usecase=None)
2023-03-04 20:45:03,970:INFO:Initializing load_model()
2023-03-04 20:45:03,970:INFO:load_model(model_name=C:\Users\kevinp\OneDrive - MARCO Marketing\Marco MKT\IA\Cluster Kmeans\Datos\Saved_Kmeans_Model, platform=None, authentication=None, verbose=True)
2023-03-04 20:45:05,867:INFO:Initializing predict_model()
2023-03-04 20:45:05,867:INFO:predict_model(self=<pycaret.clustering.oop.ClusteringExperiment object at 0x0000019C37E23820>, estimator=Pipeline(memory=Memory(location=C:\Users\kevinp\AppData\Local\Temp\joblib),
         steps=[('numerical_imputer',
                 TransformerWrapper(include=['Cantidad_Total_Productos',
                                             'Compra_Total', 'Cantidad_Compras',
                                             'Total_Subcategorias_Compradas',
                                             'Q_Productos_Compra',
                                             'Ticket_Compra'],
                                    transformer=SimpleImputer())),
                ('categorical_imputer',
                 TransformerWrapper(include=[],
                                    trans...
1                                  1            1.000000    3374.989990   
2                                  1            1.000000    3399.989990   
3                                  1            1.000000    3399.989990   
4                                  1            1.000000    3399.989990   
...                              ...                 ...            ...   
26933                              3            5.000000     102.283333   
26934                              3            5.333333      41.613335   
26935                              2            4.500000     134.955002   
26936                              2            4.000000      29.959999   
26937                              2            6.000000      71.339996   

         Cluster  
0      Cluster 4  
1      Cluster 4  
2      Cluster 4  
3      Cluster 4  
4      Cluster 4  
...          ...  
26933  Cluster 3  
26934  Cluster 3  
26935  Cluster 0  
26936  Cluster 0  
26937  Cluster 0  

[26938 rows x 7 columns])]), ml_usecase=None)
2023-03-04 20:45:05,867:INFO:Set up data.
2023-03-04 20:45:14,405:INFO:Initializing load_model()
2023-03-04 20:45:14,405:INFO:load_model(model_name=C:\Users\kevinp\OneDrive - MARCO Marketing\Marco MKT\IA\Cluster Kmeans\Datos\Saved_Kmeans_Model, platform=None, authentication=None, verbose=True)
2023-03-09 14:37:09,708:WARNING:
'cuml' is a soft dependency and not included in the pycaret installation. Please run: `pip install cuml` to install.
2023-03-09 14:37:09,709:WARNING:
'cuml' is a soft dependency and not included in the pycaret installation. Please run: `pip install cuml` to install.
2023-03-09 14:37:09,710:WARNING:
'cuml' is a soft dependency and not included in the pycaret installation. Please run: `pip install cuml` to install.
2023-03-09 14:37:09,710:WARNING:
'cuml' is a soft dependency and not included in the pycaret installation. Please run: `pip install cuml` to install.
2023-03-09 14:37:09,751:WARNING:
'prophet' is a soft dependency and not included in the pycaret installation. Please run: `pip install prophet` to install.
2023-03-09 14:38:31,017:INFO:Initializing load_model()
2023-03-09 14:38:31,018:INFO:load_model(model_name=C:\Users\kevinp\OneDrive - MARCO Marketing\Marco MKT\IA\Cluster Kmeans\Datos\Saved_Kmeans_Model, platform=None, authentication=None, verbose=True)
2023-03-09 14:38:31,035:WARNING:c:\Users\kevinp\.conda\envs\Anal_General\lib\site-packages\pycaret\internal\pipeline.py:115: UserWarning: Version mismatch:
current: {'deps_info': {'pip': '23.0.1', 'setuptools': '65.6.3', 'pycaret': '3.0.0rc6', 'IPython': '8.6.0', 'ipywidgets': '7.7.2', 'tqdm': '4.64.1', 'numpy': '1.22.4', 'pandas': '1.5.2', 'jinja2': '3.0.3', 'scipy': '1.9.3', 'joblib': '1.2.0', 'sklearn': '1.1.3', 'pyod': '1.0.7', 'imblearn': '0.10.1', 'category_encoders': '2.5.1.post0', 'lightgbm': '3.3.3', 'numba': '0.56.4', 'requests': '2.28.1', 'matplotlib': '3.6.2', 'scikitplot': '0.3.7', 'yellowbrick': '1.5', 'plotly': '5.11.0', 'kaleido': '0.2.1', 'statsmodels': '0.13.5', 'sktime': '0.14.1', 'tbats': '1.1.2', 'pmdarima': '2.0.2', 'psutil': '5.9.4'}, 'python': {'version': '3.10.9', 'machine': 'AMD64'}}
pickle: {'deps_info': {'pip': '22.3.1', 'setuptools': '65.6.3', 'pycaret': '3.0.0rc6', 'IPython': '8.6.0', 'ipywidgets': '7.7.2', 'tqdm': '4.64.1', 'numpy': '1.22.4', 'pandas': '1.5.2', 'jinja2': '3.0.3', 'scipy': '1.9.3', 'joblib': '1.2.0', 'sklearn': '1.1.3', 'pyod': '1.0.7', 'imblearn': '0.10.1', 'category_encoders': '2.5.1.post0', 'lightgbm': '3.3.3', 'numba': '0.56.4', 'requests': '2.28.1', 'matplotlib': '3.6.2', 'scikitplot': '0.3.7', 'yellowbrick': '1.5', 'plotly': '5.11.0', 'kaleido': '0.2.1', 'statsmodels': '0.13.5', 'sktime': '0.14.1', 'tbats': '1.1.2', 'pmdarima': '2.0.2', 'psutil': '5.9.4'}, 'python': {'version': '3.10.9', 'machine': 'AMD64'}}
  warnings.warn(

2023-03-09 14:38:39,261:INFO:Initializing predict_model()
2023-03-09 14:38:39,263:INFO:predict_model(self=<pycaret.clustering.oop.ClusteringExperiment object at 0x0000015113F96590>, estimator=Pipeline(memory=Memory(location=C:\Users\kevinp\AppData\Local\Temp\joblib),
         steps=[('numerical_imputer',
                 TransformerWrapper(include=['Cantidad_Total_Productos',
                                             'Compra_Total', 'Cantidad_Compras',
                                             'Total_Subcategorias_Compradas',
                                             'Q_Productos_Compra',
                                             'Ticket_Compra'],
                                    transformer=SimpleImputer())),
                ('categorical_imputer',
                 TransformerWrapper(include=[],
                                    trans...
1                                  1            1.000000    3374.989990   
2                                  1            1.000000    3399.989990   
3                                  1            1.000000    3399.989990   
4                                  1            1.000000    3399.989990   
...                              ...                 ...            ...   
26933                              3            5.000000     102.283333   
26934                              3            5.333333      41.613335   
26935                              2            4.500000     134.955002   
26936                              2            4.000000      29.959999   
26937                              2            6.000000      71.339996   

         Cluster  
0      Cluster 4  
1      Cluster 4  
2      Cluster 4  
3      Cluster 4  
4      Cluster 4  
...          ...  
26933  Cluster 3  
26934  Cluster 3  
26935  Cluster 0  
26936  Cluster 0  
26937  Cluster 0  

[26938 rows x 7 columns])]), ml_usecase=None)
2023-03-09 14:38:39,263:INFO:Set up data.
2023-03-09 14:42:02,304:INFO:Initializing load_model()
2023-03-09 14:42:02,304:INFO:load_model(model_name=C:\Users\kevinp\OneDrive - MARCO Marketing\Marco MKT\IA\Cluster Kmeans\Datos\Saved_Kmeans_Model, platform=None, authentication=None, verbose=True)
2023-03-09 14:42:02,311:WARNING:c:\Users\kevinp\.conda\envs\Anal_General\lib\site-packages\pycaret\internal\pipeline.py:115: UserWarning: Version mismatch:
current: {'deps_info': {'pip': '23.0.1', 'setuptools': '65.6.3', 'pycaret': '3.0.0rc6', 'IPython': '8.6.0', 'ipywidgets': '7.7.2', 'tqdm': '4.64.1', 'numpy': '1.22.4', 'pandas': '1.5.2', 'jinja2': '3.0.3', 'scipy': '1.9.3', 'joblib': '1.2.0', 'sklearn': '1.1.3', 'pyod': '1.0.7', 'imblearn': '0.10.1', 'category_encoders': '2.5.1.post0', 'lightgbm': '3.3.3', 'numba': '0.56.4', 'requests': '2.28.1', 'matplotlib': '3.6.2', 'scikitplot': '0.3.7', 'yellowbrick': '1.5', 'plotly': '5.11.0', 'kaleido': '0.2.1', 'statsmodels': '0.13.5', 'sktime': '0.14.1', 'tbats': '1.1.2', 'pmdarima': '2.0.2', 'psutil': '5.9.4'}, 'python': {'version': '3.10.9', 'machine': 'AMD64'}}
pickle: {'deps_info': {'pip': '22.3.1', 'setuptools': '65.6.3', 'pycaret': '3.0.0rc6', 'IPython': '8.6.0', 'ipywidgets': '7.7.2', 'tqdm': '4.64.1', 'numpy': '1.22.4', 'pandas': '1.5.2', 'jinja2': '3.0.3', 'scipy': '1.9.3', 'joblib': '1.2.0', 'sklearn': '1.1.3', 'pyod': '1.0.7', 'imblearn': '0.10.1', 'category_encoders': '2.5.1.post0', 'lightgbm': '3.3.3', 'numba': '0.56.4', 'requests': '2.28.1', 'matplotlib': '3.6.2', 'scikitplot': '0.3.7', 'yellowbrick': '1.5', 'plotly': '5.11.0', 'kaleido': '0.2.1', 'statsmodels': '0.13.5', 'sktime': '0.14.1', 'tbats': '1.1.2', 'pmdarima': '2.0.2', 'psutil': '5.9.4'}, 'python': {'version': '3.10.9', 'machine': 'AMD64'}}
  warnings.warn(

2023-03-09 14:42:05,553:INFO:Initializing predict_model()
2023-03-09 14:42:05,553:INFO:predict_model(self=<pycaret.clustering.oop.ClusteringExperiment object at 0x000001513B6DAA10>, estimator=Pipeline(memory=Memory(location=C:\Users\kevinp\AppData\Local\Temp\joblib),
         steps=[('numerical_imputer',
                 TransformerWrapper(include=['Cantidad_Total_Productos',
                                             'Compra_Total', 'Cantidad_Compras',
                                             'Total_Subcategorias_Compradas',
                                             'Q_Productos_Compra',
                                             'Ticket_Compra'],
                                    transformer=SimpleImputer())),
                ('categorical_imputer',
                 TransformerWrapper(include=[],
                                    trans...
1                                  1            1.000000    3374.989990   
2                                  1            1.000000    3399.989990   
3                                  1            1.000000    3399.989990   
4                                  1            1.000000    3399.989990   
...                              ...                 ...            ...   
26933                              3            5.000000     102.283333   
26934                              3            5.333333      41.613335   
26935                              2            4.500000     134.955002   
26936                              2            4.000000      29.959999   
26937                              2            6.000000      71.339996   

         Cluster  
0      Cluster 4  
1      Cluster 4  
2      Cluster 4  
3      Cluster 4  
4      Cluster 4  
...          ...  
26933  Cluster 3  
26934  Cluster 3  
26935  Cluster 0  
26936  Cluster 0  
26937  Cluster 0  

[26938 rows x 7 columns])]), ml_usecase=None)
2023-03-09 14:42:05,554:INFO:Set up data.
2023-03-09 15:08:32,260:INFO:Initializing load_model()
2023-03-09 15:08:32,261:INFO:load_model(model_name=C:\Users\kevinp\OneDrive - MARCO Marketing\Marco MKT\IA\Cluster Kmeans\Datos\Saved_Kmeans_Model, platform=None, authentication=None, verbose=True)
2023-03-09 15:08:32,274:WARNING:c:\Users\kevinp\.conda\envs\Anal_General\lib\site-packages\pycaret\internal\pipeline.py:115: UserWarning: Version mismatch:
current: {'deps_info': {'pip': '23.0.1', 'setuptools': '65.6.3', 'pycaret': '3.0.0rc6', 'IPython': '8.6.0', 'ipywidgets': '7.7.2', 'tqdm': '4.64.1', 'numpy': '1.22.4', 'pandas': '1.5.2', 'jinja2': '3.0.3', 'scipy': '1.9.3', 'joblib': '1.2.0', 'sklearn': '1.1.3', 'pyod': '1.0.7', 'imblearn': '0.10.1', 'category_encoders': '2.5.1.post0', 'lightgbm': '3.3.3', 'numba': '0.56.4', 'requests': '2.28.1', 'matplotlib': '3.6.2', 'scikitplot': '0.3.7', 'yellowbrick': '1.5', 'plotly': '5.11.0', 'kaleido': '0.2.1', 'statsmodels': '0.13.5', 'sktime': '0.14.1', 'tbats': '1.1.2', 'pmdarima': '2.0.2', 'psutil': '5.9.4'}, 'python': {'version': '3.10.9', 'machine': 'AMD64'}}
pickle: {'deps_info': {'pip': '22.3.1', 'setuptools': '65.6.3', 'pycaret': '3.0.0rc6', 'IPython': '8.6.0', 'ipywidgets': '7.7.2', 'tqdm': '4.64.1', 'numpy': '1.22.4', 'pandas': '1.5.2', 'jinja2': '3.0.3', 'scipy': '1.9.3', 'joblib': '1.2.0', 'sklearn': '1.1.3', 'pyod': '1.0.7', 'imblearn': '0.10.1', 'category_encoders': '2.5.1.post0', 'lightgbm': '3.3.3', 'numba': '0.56.4', 'requests': '2.28.1', 'matplotlib': '3.6.2', 'scikitplot': '0.3.7', 'yellowbrick': '1.5', 'plotly': '5.11.0', 'kaleido': '0.2.1', 'statsmodels': '0.13.5', 'sktime': '0.14.1', 'tbats': '1.1.2', 'pmdarima': '2.0.2', 'psutil': '5.9.4'}, 'python': {'version': '3.10.9', 'machine': 'AMD64'}}
  warnings.warn(

2023-03-09 15:08:37,417:INFO:Initializing predict_model()
2023-03-09 15:08:37,417:INFO:predict_model(self=<pycaret.clustering.oop.ClusteringExperiment object at 0x0000015141113310>, estimator=Pipeline(memory=Memory(location=C:\Users\kevinp\AppData\Local\Temp\joblib),
         steps=[('numerical_imputer',
                 TransformerWrapper(include=['Cantidad_Total_Productos',
                                             'Compra_Total', 'Cantidad_Compras',
                                             'Total_Subcategorias_Compradas',
                                             'Q_Productos_Compra',
                                             'Ticket_Compra'],
                                    transformer=SimpleImputer())),
                ('categorical_imputer',
                 TransformerWrapper(include=[],
                                    trans...
1                                  1            1.000000    3374.989990   
2                                  1            1.000000    3399.989990   
3                                  1            1.000000    3399.989990   
4                                  1            1.000000    3399.989990   
...                              ...                 ...            ...   
26933                              3            5.000000     102.283333   
26934                              3            5.333333      41.613335   
26935                              2            4.500000     134.955002   
26936                              2            4.000000      29.959999   
26937                              2            6.000000      71.339996   

         Cluster  
0      Cluster 4  
1      Cluster 4  
2      Cluster 4  
3      Cluster 4  
4      Cluster 4  
...          ...  
26933  Cluster 3  
26934  Cluster 3  
26935  Cluster 0  
26936  Cluster 0  
26937  Cluster 0  

[26938 rows x 7 columns])]), ml_usecase=None)
2023-03-09 15:08:37,417:INFO:Set up data.
2023-03-09 15:11:04,442:INFO:PyCaret ClusteringExperiment
2023-03-09 15:11:04,442:INFO:Logging name: cluster-default-name
2023-03-09 15:11:04,442:INFO:ML Usecase: MLUsecase.CLUSTERING
2023-03-09 15:11:04,442:INFO:version 3.0.0.rc6
2023-03-09 15:11:04,442:INFO:Initializing setup()
2023-03-09 15:11:04,443:INFO:self.USI: 0513
2023-03-09 15:11:04,443:INFO:self._variable_keys: {'idx', 'USI', 'n_jobs_param', 'exp_name_log', 'X', 'exp_id', 'seed', 'log_plots_param', 'data', 'gpu_param', 'gpu_n_jobs_param', '_ml_usecase', '_available_plots', 'logging_param', 'memory', 'pipeline', 'html_param'}
2023-03-09 15:11:04,443:INFO:Checking environment
2023-03-09 15:11:04,443:INFO:python_version: 3.10.9
2023-03-09 15:11:04,443:INFO:python_build: ('main', 'Jan 11 2023 15:15:40')
2023-03-09 15:11:04,443:INFO:machine: AMD64
2023-03-09 15:11:04,443:INFO:platform: Windows-10-10.0.22621-SP0
2023-03-09 15:11:04,450:INFO:Memory: svmem(total=16893386752, available=988114944, percent=94.2, used=15905271808, free=988114944)
2023-03-09 15:11:04,450:INFO:Physical Core: 4
2023-03-09 15:11:04,450:INFO:Logical Core: 8
2023-03-09 15:11:04,450:INFO:Checking libraries
2023-03-09 15:11:04,450:INFO:System:
2023-03-09 15:11:04,450:INFO:    python: 3.10.9 | packaged by conda-forge | (main, Jan 11 2023, 15:15:40) [MSC v.1916 64 bit (AMD64)]
2023-03-09 15:11:04,450:INFO:executable: c:\Users\kevinp\.conda\envs\Anal_General\python.exe
2023-03-09 15:11:04,450:INFO:   machine: Windows-10-10.0.22621-SP0
2023-03-09 15:11:04,451:INFO:PyCaret required dependencies:
2023-03-09 15:11:04,451:INFO:                 pip: 23.0.1
2023-03-09 15:11:04,451:INFO:          setuptools: 65.6.3
2023-03-09 15:11:04,451:INFO:             pycaret: 3.0.0rc6
2023-03-09 15:11:04,451:INFO:             IPython: 8.6.0
2023-03-09 15:11:04,451:INFO:          ipywidgets: 7.7.2
2023-03-09 15:11:04,451:INFO:                tqdm: 4.64.1
2023-03-09 15:11:04,451:INFO:               numpy: 1.22.4
2023-03-09 15:11:04,451:INFO:              pandas: 1.5.2
2023-03-09 15:11:04,451:INFO:              jinja2: 3.0.3
2023-03-09 15:11:04,451:INFO:               scipy: 1.9.3
2023-03-09 15:11:04,451:INFO:              joblib: 1.2.0
2023-03-09 15:11:04,451:INFO:             sklearn: 1.1.3
2023-03-09 15:11:04,451:INFO:                pyod: 1.0.7
2023-03-09 15:11:04,451:INFO:            imblearn: 0.10.1
2023-03-09 15:11:04,451:INFO:   category_encoders: 2.5.1.post0
2023-03-09 15:11:04,452:INFO:            lightgbm: 3.3.3
2023-03-09 15:11:04,452:INFO:               numba: 0.56.4
2023-03-09 15:11:04,452:INFO:            requests: 2.28.1
2023-03-09 15:11:04,452:INFO:          matplotlib: 3.6.2
2023-03-09 15:11:04,452:INFO:          scikitplot: 0.3.7
2023-03-09 15:11:04,452:INFO:         yellowbrick: 1.5
2023-03-09 15:11:04,452:INFO:              plotly: 5.11.0
2023-03-09 15:11:04,452:INFO:             kaleido: 0.2.1
2023-03-09 15:11:04,452:INFO:         statsmodels: 0.13.5
2023-03-09 15:11:04,452:INFO:              sktime: 0.14.1
2023-03-09 15:11:04,452:INFO:               tbats: 1.1.2
2023-03-09 15:11:04,452:INFO:            pmdarima: 2.0.2
2023-03-09 15:11:04,452:INFO:              psutil: 5.9.4
2023-03-09 15:11:04,452:INFO:PyCaret optional dependencies:
2023-03-09 15:11:06,451:INFO:                shap: Not installed
2023-03-09 15:11:06,451:INFO:           interpret: Not installed
2023-03-09 15:11:06,451:INFO:                umap: Not installed
2023-03-09 15:11:06,451:INFO:    pandas_profiling: Not installed
2023-03-09 15:11:06,451:INFO:  explainerdashboard: Not installed
2023-03-09 15:11:06,451:INFO:             autoviz: Not installed
2023-03-09 15:11:06,451:INFO:           fairlearn: Not installed
2023-03-09 15:11:06,452:INFO:             xgboost: Not installed
2023-03-09 15:11:06,452:INFO:            catboost: Not installed
2023-03-09 15:11:06,452:INFO:              kmodes: Not installed
2023-03-09 15:11:06,452:INFO:             mlxtend: Not installed
2023-03-09 15:11:06,452:INFO:       statsforecast: Not installed
2023-03-09 15:11:06,452:INFO:        tune_sklearn: Not installed
2023-03-09 15:11:06,452:INFO:                 ray: Not installed
2023-03-09 15:11:06,452:INFO:            hyperopt: Not installed
2023-03-09 15:11:06,452:INFO:              optuna: Not installed
2023-03-09 15:11:06,452:INFO:               skopt: Not installed
2023-03-09 15:11:06,452:INFO:              mlflow: Not installed
2023-03-09 15:11:06,452:INFO:              gradio: 3.18.0
2023-03-09 15:11:06,452:INFO:             fastapi: 0.92.0
2023-03-09 15:11:06,452:INFO:             uvicorn: 0.20.0
2023-03-09 15:11:06,452:INFO:              m2cgen: Not installed
2023-03-09 15:11:06,452:INFO:           evidently: Not installed
2023-03-09 15:11:06,452:INFO:                nltk: 3.8.1
2023-03-09 15:11:06,452:INFO:            pyLDAvis: Not installed
2023-03-09 15:11:06,452:INFO:              gensim: Not installed
2023-03-09 15:11:06,452:INFO:               spacy: Not installed
2023-03-09 15:11:06,452:INFO:           wordcloud: 1.8.2.2
2023-03-09 15:11:06,452:INFO:            textblob: Not installed
2023-03-09 15:11:06,452:INFO:               fugue: Not installed
2023-03-09 15:11:06,452:INFO:           streamlit: Not installed
2023-03-09 15:11:06,452:INFO:             prophet: Not installed
2023-03-09 15:11:06,452:INFO:None
2023-03-09 15:11:06,452:INFO:Set up data.
2023-03-09 15:11:06,460:INFO:Set up index.
2023-03-09 15:11:06,460:INFO:Assigning column types.
2023-03-09 15:11:06,466:INFO:Preparing preprocessing pipeline...
2023-03-09 15:11:06,466:INFO:Set up simple imputation.
2023-03-09 15:11:06,466:INFO:Set up feature normalization.
2023-03-09 15:11:06,524:INFO:Finished creating preprocessing pipeline.
2023-03-09 15:11:06,528:INFO:Pipeline: Pipeline(memory=Memory(location=C:\Users\kevinp\AppData\Local\Temp\joblib),
         steps=[('numerical_imputer',
                 TransformerWrapper(include=['Cantidad_Total_Productos',
                                             'Compra_Total', 'Cantidad_Compras',
                                             'Total_Subcategorias_Compradas',
                                             'Q_Productos_Compra',
                                             'Ticket_Compra'],
                                    transformer=SimpleImputer())),
                ('categorical_imputer',
                 TransformerWrapper(include=[],
                                    transformer=SimpleImputer(strategy='most_frequent'))),
                ('normalize',
                 TransformerWrapper(transformer=StandardScaler()))])
2023-03-09 15:11:06,528:INFO:Creating final display dataframe.
2023-03-09 15:11:06,622:INFO:Setup _display_container:                Description                 Value
0               Session id                   150
1      Original data shape            (26938, 6)
2   Transformed data shape            (26938, 6)
3          Ignore features                     3
4         Numeric features                     6
5               Preprocess                  True
6          Imputation type                simple
7       Numeric imputation                  mean
8   Categorical imputation                  mode
9                Normalize                  True
10        Normalize method                zscore
11                CPU Jobs                    -1
12                 Use GPU                 False
13          Log Experiment                 False
14         Experiment Name  cluster-default-name
15                     USI                  0513
2023-03-09 15:11:06,638:WARNING:
'kmodes' is a soft dependency and not included in the pycaret installation. Please run: `pip install kmodes` to install.
Alternately, you can install this by running `pip install pycaret[models]`
2023-03-09 15:11:06,638:WARNING:
'kmodes' is a soft dependency and not included in the pycaret installation. Please run: `pip install kmodes` to install.
Alternately, you can install this by running `pip install pycaret[models]`
2023-03-09 15:11:06,638:INFO:setup() successfully completed in 2.2s...............
2023-03-09 15:11:09,444:INFO:gpu_param set to False
2023-03-09 15:11:09,446:WARNING:
'kmodes' is a soft dependency and not included in the pycaret installation. Please run: `pip install kmodes` to install.
Alternately, you can install this by running `pip install pycaret[models]`
2023-03-09 15:11:09,446:WARNING:
'kmodes' is a soft dependency and not included in the pycaret installation. Please run: `pip install kmodes` to install.
Alternately, you can install this by running `pip install pycaret[models]`
2023-03-09 15:11:12,856:INFO:Initializing create_model()
2023-03-09 15:11:12,857:INFO:create_model(self=<pycaret.clustering.oop.ClusteringExperiment object at 0x000001514888E500>, estimator=kmeans, num_clusters=4, fraction=0.05, ground_truth=None, round=4, fit_kwargs=None, experiment_custom_tags=None, verbose=True, system=True, add_to_model_list=True, raise_num_clusters=False, display=None, kwargs={})
2023-03-09 15:11:12,857:INFO:Checking exceptions
2023-03-09 15:11:12,928:INFO:Importing untrained model
2023-03-09 15:11:12,933:INFO:K-Means Clustering Imported successfully
2023-03-09 15:11:12,937:INFO:Fitting Model
2023-03-09 15:11:25,613:INFO:KMeans(n_clusters=4, random_state=150)
2023-03-09 15:11:25,614:INFO:create_models() successfully completed......................................
2023-03-09 15:11:25,622:INFO:Uploading results into container
2023-03-09 15:11:25,629:INFO:Uploading model into container now
2023-03-09 15:11:25,641:INFO:_master_model_container: 1
2023-03-09 15:11:25,643:INFO:_display_container: 2
2023-03-09 15:11:25,644:INFO:KMeans(n_clusters=4, random_state=150)
2023-03-09 15:11:25,644:INFO:create_model() successfully completed......................................
2023-03-09 15:11:28,259:INFO:Initializing evaluate_model()
2023-03-09 15:11:28,259:INFO:evaluate_model(self=<pycaret.clustering.oop.ClusteringExperiment object at 0x000001514888E500>, estimator=KMeans(n_clusters=4, random_state=150), fold=None, fit_kwargs=None, plot_kwargs=None, feature_name=None, groups=None, use_train_data=False)
2023-03-09 15:11:28,287:INFO:Initializing plot_model()
2023-03-09 15:11:28,287:INFO:plot_model(plot=pipeline, fold=None, use_train_data=False, verbose=False, display=None, display_format=None, estimator=KMeans(n_clusters=4, random_state=150), feature_name=None, fit_kwargs={}, groups=None, label=False, plot_kwargs=None, save=False, scale=1, self=<pycaret.clustering.oop.ClusteringExperiment object at 0x000001514888E500>, system=True)
2023-03-09 15:11:28,287:INFO:Checking exceptions
2023-03-09 15:11:28,289:INFO:Preloading libraries
2023-03-09 15:11:28,289:INFO:Copying training dataset
2023-03-09 15:11:28,289:INFO:Plot type: pipeline
2023-03-09 15:11:28,521:INFO:Visual Rendered Successfully
2023-03-09 15:11:28,733:INFO:plot_model() successfully completed......................................
2023-03-09 15:11:29,649:INFO:Initializing plot_model()
2023-03-09 15:11:29,649:INFO:plot_model(plot=elbow, fold=None, use_train_data=False, verbose=False, display=None, display_format=None, estimator=KMeans(n_clusters=4, random_state=150), feature_name=None, fit_kwargs={}, groups=None, label=False, plot_kwargs=None, save=False, scale=1, self=<pycaret.clustering.oop.ClusteringExperiment object at 0x000001514888E500>, system=True)
2023-03-09 15:11:29,649:INFO:Checking exceptions
2023-03-09 15:11:29,650:INFO:Preloading libraries
2023-03-09 15:11:29,650:INFO:Copying training dataset
2023-03-09 15:11:29,650:INFO:Plot type: elbow
2023-03-09 15:11:29,718:INFO:Fitting Model
2023-03-09 15:11:31,820:INFO:Visual Rendered Successfully
2023-03-09 15:11:32,022:INFO:plot_model() successfully completed......................................
2023-03-09 15:11:32,039:INFO:Initializing plot_model()
2023-03-09 15:11:32,039:INFO:plot_model(plot=silhouette, fold=None, use_train_data=False, verbose=False, display=None, display_format=None, estimator=KMeans(n_clusters=4, random_state=150), feature_name=None, fit_kwargs={}, groups=None, label=False, plot_kwargs=None, save=False, scale=1, self=<pycaret.clustering.oop.ClusteringExperiment object at 0x000001514888E500>, system=True)
2023-03-09 15:11:32,039:INFO:Checking exceptions
2023-03-09 15:11:32,041:INFO:Preloading libraries
2023-03-09 15:11:32,041:INFO:Copying training dataset
2023-03-09 15:11:32,041:INFO:Plot type: silhouette
2023-03-09 15:11:32,053:INFO:Fitting Model
2023-03-09 15:11:32,062:WARNING:c:\Users\kevinp\.conda\envs\Anal_General\lib\site-packages\sklearn\base.py:450: UserWarning: X does not have valid feature names, but KMeans was fitted with feature names
  warnings.warn(

2023-03-09 15:11:52,771:INFO:Visual Rendered Successfully
2023-03-09 15:11:52,963:INFO:plot_model() successfully completed......................................
2023-03-09 15:11:52,967:INFO:Initializing create_model()
2023-03-09 15:11:52,967:INFO:create_model(self=<pycaret.clustering.oop.ClusteringExperiment object at 0x000001514888E500>, estimator=kmeans, num_clusters=5, fraction=0.05, ground_truth=None, round=4, fit_kwargs=None, experiment_custom_tags=None, verbose=True, system=True, add_to_model_list=True, raise_num_clusters=False, display=None, kwargs={})
2023-03-09 15:11:52,967:INFO:Checking exceptions
2023-03-09 15:11:53,007:INFO:Importing untrained model
2023-03-09 15:11:53,013:INFO:K-Means Clustering Imported successfully
2023-03-09 15:11:53,017:INFO:Fitting Model
2023-03-09 15:12:03,515:INFO:KMeans(n_clusters=5, random_state=150)
2023-03-09 15:12:03,515:INFO:create_models() successfully completed......................................
2023-03-09 15:12:03,520:INFO:Uploading results into container
2023-03-09 15:12:03,522:INFO:Uploading model into container now
2023-03-09 15:12:03,528:INFO:_master_model_container: 2
2023-03-09 15:12:03,529:INFO:_display_container: 3
2023-03-09 15:12:03,529:INFO:KMeans(n_clusters=5, random_state=150)
2023-03-09 15:12:03,529:INFO:create_model() successfully completed......................................
2023-03-09 15:12:06,540:INFO:Initializing assign_model()
2023-03-09 15:12:06,541:INFO:assign_model(self=<pycaret.clustering.oop.ClusteringExperiment object at 0x000001514888E500>, model=KMeans(n_clusters=5, random_state=150), transformation=False, score=True, verbose=True)
2023-03-09 15:12:06,541:INFO:Checking exceptions
2023-03-09 15:12:06,541:INFO:Determining Trained Model
2023-03-09 15:12:06,542:INFO:Trained Model : K-Means Clustering
2023-03-09 15:12:06,542:INFO:Copying data
2023-03-09 15:12:06,554:INFO:(26938, 7)
2023-03-09 15:12:06,554:INFO:assign_model() successfully completed......................................
